<?xml version="1.0" encoding="UTF-8"?>
<testng-results ignored="0" total="1" passed="0" failed="1" skipped="0">
  <reporter-output>
  </reporter-output>
  <suite started-at="2025-09-30T23:09:04 IST" name="Surefire suite" finished-at="2025-09-30T23:09:29 IST" duration-ms="24978">
    <groups>
      <group name="cucumber">
        <method signature="AbstractTestNGCucumberTests.runScenario(io.cucumber.testng.PickleWrapper,io.cucumber.testng.FeatureWrapper)[pri:0, instance:com.booking.TestRunner@22635ba0]" name="runScenario" class="io.cucumber.testng.AbstractTestNGCucumberTests"/>
      </group> <!-- cucumber -->
    </groups>
    <test started-at="2025-09-30T23:09:04 IST" name="Surefire test" finished-at="2025-09-30T23:09:29 IST" duration-ms="24978">
      <class name="com.booking.TestRunner">
        <test-method is-config="true" signature="setUpClass(org.testng.ITestContext)[pri:0, instance:com.booking.TestRunner@22635ba0]" started-at="2025-09-30T23:09:04 IST" name="setUpClass" finished-at="2025-09-30T23:09:05 IST" duration-ms="1696" status="PASS">
          <params>
            <param index="0">
              <value>
                <![CDATA[org.testng.TestRunner@3e4f2300]]>
              </value>
            </param>
          </params>
          <reporter-output>
          </reporter-output>
        </test-method> <!-- setUpClass -->
        <test-method signature="runScenario(io.cucumber.testng.PickleWrapper,io.cucumber.testng.FeatureWrapper)[pri:0, instance:com.booking.TestRunner@22635ba0]" started-at="2025-09-30T23:09:05 IST" name="runScenario" description="Runs Cucumber Scenarios" data-provider="scenarios" finished-at="2025-09-30T23:09:26 IST" duration-ms="20844" status="FAIL">
          <params>
            <param index="0">
              <value>
                <![CDATA["Testing end to end flow as a admin"]]>
              </value>
            </param>
            <param index="1">
              <value>
                <![CDATA["Testing end to end flow as admin"]]>
              </value>
            </param>
          </params>
          <exception class="java.lang.AssertionError">
            <message>
              <![CDATA[Response Code mistmatches! expected [404] but found [200]]]>
            </message>
            <full-stacktrace>
              <![CDATA[java.lang.AssertionError: Response Code mistmatches! expected [404] but found [200]
at org.testng.Assert.fail(Assert.java:111)
at org.testng.Assert.failNotEquals(Assert.java:1578)
at org.testng.Assert.assertEqualsImpl(Assert.java:150)
at org.testng.Assert.assertEquals(Assert.java:132)
at org.testng.Assert.assertEquals(Assert.java:1419)
at org.testng.Assert.assertEquals(Assert.java:1383)
at com.booking.stepdefinitions.Bookingsteps.verify_response_code(Bookingsteps.java:94)
at âœ½.Verify the response status code as 200(file:///C:/Users/HP/IdeaProjects/API_Testing_Kata/src/test/resources/features/E2EAdmin.feature:23)
]]>
            </full-stacktrace>
          </exception> <!-- java.lang.AssertionError -->
          <reporter-output>
          </reporter-output>
        </test-method> <!-- runScenario -->
        <test-method is-config="true" signature="tearDownClass()[pri:0, instance:com.booking.TestRunner@22635ba0]" started-at="2025-09-30T23:09:26 IST" name="tearDownClass" finished-at="2025-09-30T23:09:29 IST" duration-ms="2299" status="PASS">
          <reporter-output>
          </reporter-output>
        </test-method> <!-- tearDownClass -->
      </class> <!-- com.booking.TestRunner -->
    </test> <!-- Surefire test -->
  </suite> <!-- Surefire suite -->
</testng-results>
