<?xml version="1.0" encoding="UTF-8"?>
<!-- Generated by org.testng.reporters.JUnitReportReporter -->
<testsuite hostname="DESKTOP-3N5FE65" failures="1" tests="20" name="com.booking.TestRunner" time="75.602" errors="0" timestamp="2025-10-01T14:26:32 IST" skipped="0">
  <testcase classname="com.booking.TestRunner" name="runScenario" time="0.499">
    <failure message="expected [must be a well-formed email address] but found [size must be between 11 and 21]" type="java.lang.AssertionError">
      <![CDATA[java.lang.AssertionError: expected [must be a well-formed email address] but found [size must be between 11 and 21]
at org.testng.Assert.fail(Assert.java:111)
at org.testng.Assert.failNotEquals(Assert.java:1578)
at org.testng.Assert.assertEqualsImpl(Assert.java:150)
at org.testng.Assert.assertEquals(Assert.java:132)
at org.testng.Assert.assertEquals(Assert.java:656)
at org.testng.Assert.assertEquals(Assert.java:666)
at com.booking.stepdefinitions.Bookingsteps.verify_response_code_errorMessage(Bookingsteps.java:119)
at âœ½.Verify the response status code as 400 and error message "size must be between 11 and 21"(file:///C:/Users/HP/IdeaProjects/API_Testing_Kata/src/test/resources/features/createBooking.feature:49)
]]>
    </failure>
  </testcase> <!-- runScenario -->
  <testcase classname="com.booking.TestRunner" name="runScenario" time="0.742"/>
  <testcase classname="com.booking.TestRunner" name="runScenario" time="2.880"/>
  <testcase classname="com.booking.TestRunner" name="runScenario" time="1.012"/>
  <testcase classname="com.booking.TestRunner" name="runScenario" time="0.470"/>
  <testcase classname="com.booking.TestRunner" name="runScenario" time="2.754"/>
  <testcase classname="com.booking.TestRunner" name="runScenario" time="1.997"/>
  <testcase classname="com.booking.TestRunner" name="runScenario" time="1.394"/>
  <testcase classname="com.booking.TestRunner" name="runScenario" time="22.277"/>
  <testcase classname="com.booking.TestRunner" name="runScenario" time="0.465"/>
  <testcase classname="com.booking.TestRunner" name="runScenario" time="32.354"/>
  <testcase classname="com.booking.TestRunner" name="runScenario" time="0.476"/>
  <testcase classname="com.booking.TestRunner" name="runScenario" time="0.476"/>
  <testcase classname="com.booking.TestRunner" name="runScenario" time="1.308"/>
  <testcase classname="com.booking.TestRunner" name="runScenario" time="1.486"/>
  <testcase classname="com.booking.TestRunner" name="runScenario" time="1.052"/>
  <testcase classname="com.booking.TestRunner" name="runScenario" time="2.328"/>
  <testcase classname="com.booking.TestRunner" name="runScenario" time="0.409"/>
  <testcase classname="com.booking.TestRunner" name="runScenario" time="0.467"/>
  <testcase classname="com.booking.TestRunner" name="runScenario" time="0.756"/>
</testsuite> <!-- com.booking.TestRunner -->
